\BOOKMARK [1][-]{section.1}{Supervised Learning}{}% 1
\BOOKMARK [2][-]{subsection.1.1}{Linear Regression \(doc\)}{section.1}% 2
\BOOKMARK [2][-]{subsection.1.2}{Perceptron Algorithm}{section.1}% 3
\BOOKMARK [2][-]{subsection.1.3}{Decision Trees \(doc\)}{section.1}% 4
\BOOKMARK [2][-]{subsection.1.4}{Naive Bayes \(doc\)}{section.1}% 5
\BOOKMARK [2][-]{subsection.1.5}{Support Vector Machines \(SVMs\) \(doc\)}{section.1}% 6
\BOOKMARK [2][-]{subsection.1.6}{Ensemble Methods \(doc\)}{section.1}% 7
\BOOKMARK [2][-]{subsection.1.7}{Model Evaluation Metrics}{section.1}% 8
\BOOKMARK [3][-]{subsubsection.1.7.1}{Classification Metrics \(formulas\)}{subsection.1.7}% 9
\BOOKMARK [3][-]{subsubsection.1.7.2}{Regression Metrics}{subsection.1.7}% 10
\BOOKMARK [2][-]{subsection.1.8}{Training and Tuning}{section.1}% 11
\BOOKMARK [1][-]{section.2}{Deep Learning}{}% 12
\BOOKMARK [2][-]{subsection.2.1}{Neural Networks}{section.2}% 13
\BOOKMARK [2][-]{subsection.2.2}{Implementing Gradient Descent \(NumPy\)}{section.2}% 14
\BOOKMARK [2][-]{subsection.2.3}{Training Neural Networks}{section.2}% 15
\BOOKMARK [2][-]{subsection.2.4}{Deep Learning with PyTorch}{section.2}% 16
\BOOKMARK [3][-]{subsubsection.2.4.1}{Building Neural Networks}{subsection.2.4}% 17
\BOOKMARK [3][-]{subsubsection.2.4.2}{Training Neural Networks}{subsection.2.4}% 18
\BOOKMARK [3][-]{subsubsection.2.4.3}{Validation and Dropout}{subsection.2.4}% 19
\BOOKMARK [3][-]{subsubsection.2.4.4}{Saving and Loading Models}{subsection.2.4}% 20
\BOOKMARK [3][-]{subsubsection.2.4.5}{Loading Image Data}{subsection.2.4}% 21
\BOOKMARK [3][-]{subsubsection.2.4.6}{Transfer Learning}{subsection.2.4}% 22
\BOOKMARK [1][-]{section.3}{Unsupervised Learning}{}% 23
\BOOKMARK [2][-]{subsection.3.1}{Clustering \(KMeans\)}{section.3}% 24
\BOOKMARK [2][-]{subsection.3.2}{Hierarchical and Density Based Clustering}{section.3}% 25
\BOOKMARK [3][-]{subsubsection.3.2.1}{Hierarchical Clustering}{subsection.3.2}% 26
\BOOKMARK [3][-]{subsubsection.3.2.2}{Density-Based Clustering}{subsection.3.2}% 27
\BOOKMARK [2][-]{subsection.3.3}{Gaussian Mixture Models and Cluster Validation}{section.3}% 28
\BOOKMARK [3][-]{subsubsection.3.3.1}{Cluster Analysis Process}{subsection.3.3}% 29
\BOOKMARK [2][-]{subsection.3.4}{Dimensionality Reduction and PCA}{section.3}% 30
\BOOKMARK [2][-]{subsection.3.5}{Random Projections and ICA}{section.3}% 31
